Performing C SOURCE FILE Test CMAKE_HAVE_LIBC_PTHREAD failed with the following output:
Change Dir: /home/lachie/catkin_ws/src/delta_2/build/CMakeFiles/CMakeTmp

Run Build Command(s):/usr/bin/ninja cmTC_ce379 && [1/2] Building C object CMakeFiles/cmTC_ce379.dir/src.c.o
[2/2] Linking C executable cmTC_ce379
FAILED: cmTC_ce379 
: && /bin/x86_64-linux-gnu-gcc-8 -DCMAKE_HAVE_LIBC_PTHREAD  -rdynamic CMakeFiles/cmTC_ce379.dir/src.c.o  -o cmTC_ce379   && :
/usr/bin/ld: CMakeFiles/cmTC_ce379.dir/src.c.o: in function `main':
src.c:(.text+0x46): undefined reference to `pthread_create'
/usr/bin/ld: src.c:(.text+0x52): undefined reference to `pthread_detach'
/usr/bin/ld: src.c:(.text+0x63): undefined reference to `pthread_join'
collect2: error: ld returned 1 exit status
ninja: build stopped: subcommand failed.


Source file was:
#include <pthread.h>

void* test_func(void* data)
{
  return data;
}

int main(void)
{
  pthread_t thread;
  pthread_create(&thread, NULL, test_func, NULL);
  pthread_detach(thread);
  pthread_join(thread, NULL);
  pthread_atfork(NULL, NULL, NULL);
  pthread_exit(NULL);

  return 0;
}

Determining if the function pthread_create exists in the pthreads failed with the following output:
Change Dir: /home/lachie/catkin_ws/src/delta_2/build/CMakeFiles/CMakeTmp

Run Build Command(s):/usr/bin/ninja cmTC_1691c && [1/2] Building C object CMakeFiles/cmTC_1691c.dir/CheckFunctionExists.c.o
[2/2] Linking C executable cmTC_1691c
FAILED: cmTC_1691c 
: && /bin/x86_64-linux-gnu-gcc-8 -DCHECK_FUNCTION_EXISTS=pthread_create  -rdynamic CMakeFiles/cmTC_1691c.dir/CheckFunctionExists.c.o  -o cmTC_1691c  -lpthreads && :
/usr/bin/ld: cannot find -lpthreads
collect2: error: ld returned 1 exit status
ninja: build stopped: subcommand failed.



